2022-02-18T09:15:38+00:00 CRITICAL Maximum execution time of 120 seconds exceeded in C:\xampp\htdocs\Siteamina\wp-includes\Requests\Transport\cURL.php on line 484

2022-02-18T09:21:24+00:00 CRITICAL Uncaught ArgumentCountError: 3 arguments are required, 2 given in C:\xampp\htdocs\Siteamina\wp-admin\includes\class-bulk-upgrader-skin.php:156
Stack trace:
#0 C:\xampp\htdocs\Siteamina\wp-admin\includes\class-bulk-upgrader-skin.php(156): sprintf('%1$s a bien \xC3\xA9t...', 'Social Icons Wi...')
#1 C:\xampp\htdocs\Siteamina\wp-content\themes\inspiro\inc\classes\class-tgm-plugin-activation.php(3567): Bulk_Upgrader_Skin->after('Social Icons Wi...')
#2 C:\xampp\htdocs\Siteamina\wp-admin\includes\class-wp-upgrader.php(824): TGMPA_Bulk_Installer_Skin->after()
#3 C:\xampp\htdocs\Siteamina\wp-content\themes\inspiro\inc\classes\class-tgm-plugin-activation.php(3184): WP_Upgrader->run(Array)
#4 C:\xampp\htdocs\Siteamina\wp-content\themes\inspiro\inc\classes\class-tgm-plugin-activation.php(3297): TGMPA_Bulk_Installer->run(Array)
#5 C:\xampp\htdocs\Siteamina\wp-content\themes\inspiro\inc\classes\class-tgm-plugin-activation.php(2903): TGMPA_Bulk_Installer->bulk_install(Array)
#6 C:\xampp\htdocs\Siteamina\wp-content\themes\inspiro\inc\classes\class-tgm-plugin-activation.php(658): TGMPA_List_Table->process_bulk_actions()
#7 C:\xampp\htdocs\Siteamina\wp-includes\class-wp-hook.php(307): TGM_Plugin_Activation->install_plugins_page('')
#8 C:\xampp\htdocs\Siteamina\wp-includes\class-wp-hook.php(331): WP_Hook->apply_filters('', Array)
#9 C:\xampp\htdocs\Siteamina\wp-includes\plugin.php(474): WP_Hook->do_action(Array)
#10 C:\xampp\htdocs\Siteamina\wp-admin\admin.php(259): do_action('appearance_page...')
#11 C:\xampp\htdocs\Siteamina\wp-admin\themes.php(10): require_once('C:\\xampp\\htdocs...')
#12 {main}
  thrown in C:\xampp\htdocs\Siteamina\wp-admin\includes\class-bulk-upgrader-skin.php on line 156

2022-02-18T09:22:21+00:00 CRITICAL Uncaught ArgumentCountError: 3 arguments are required, 2 given in C:\xampp\htdocs\Siteamina\wp-admin\includes\class-bulk-upgrader-skin.php:156
Stack trace:
#0 C:\xampp\htdocs\Siteamina\wp-admin\includes\class-bulk-upgrader-skin.php(156): sprintf('%1$s a bien \xC3\xA9t...', 'WPZOOM Portfoli...')
#1 C:\xampp\htdocs\Siteamina\wp-content\themes\inspiro\inc\classes\class-tgm-plugin-activation.php(3567): Bulk_Upgrader_Skin->after('WPZOOM Portfoli...')
#2 C:\xampp\htdocs\Siteamina\wp-admin\includes\class-wp-upgrader.php(824): TGMPA_Bulk_Installer_Skin->after()
#3 C:\xampp\htdocs\Siteamina\wp-content\themes\inspiro\inc\classes\class-tgm-plugin-activation.php(3184): WP_Upgrader->run(Array)
#4 C:\xampp\htdocs\Siteamina\wp-content\themes\inspiro\inc\classes\class-tgm-plugin-activation.php(3297): TGMPA_Bulk_Installer->run(Array)
#5 C:\xampp\htdocs\Siteamina\wp-content\themes\inspiro\inc\classes\class-tgm-plugin-activation.php(2903): TGMPA_Bulk_Installer->bulk_install(Array)
#6 C:\xampp\htdocs\Siteamina\wp-content\themes\inspiro\inc\classes\class-tgm-plugin-activation.php(658): TGMPA_List_Table->process_bulk_actions()
#7 C:\xampp\htdocs\Siteamina\wp-includes\class-wp-hook.php(307): TGM_Plugin_Activation->install_plugins_page('')
#8 C:\xampp\htdocs\Siteamina\wp-includes\class-wp-hook.php(331): WP_Hook->apply_filters('', Array)
#9 C:\xampp\htdocs\Siteamina\wp-includes\plugin.php(474): WP_Hook->do_action(Array)
#10 C:\xampp\htdocs\Siteamina\wp-admin\admin.php(259): do_action('appearance_page...')
#11 C:\xampp\htdocs\Siteamina\wp-admin\themes.php(10): require_once('C:\\xampp\\htdocs...')
#12 {main}
  thrown in C:\xampp\htdocs\Siteamina\wp-admin\includes\class-bulk-upgrader-skin.php on line 156

